<?xml version="1.0" encoding="UTF-8"?>
<coverage generated="1755804742">
  <project timestamp="1755804742" name="Clover Coverage">
    <package name="Baril\Bonsai">
      <file name="/home/runner/work/bonsai/bonsai/src/BonsaiServiceProvider.php">
        <class name="Baril\Bonsai\BonsaiServiceProvider" namespace="Baril\Bonsai">
          <metrics complexity="1" methods="1" coveredmethods="1" conditionals="0" coveredconditionals="0" statements="5" coveredstatements="5" elements="6" coveredelements="6"/>
        </class>
        <line num="12" type="method" name="register" visibility="public" complexity="1" crap="1" count="44"/>
        <line num="14" type="stmt" count="44"/>
        <line num="15" type="stmt" count="44"/>
        <line num="16" type="stmt" count="44"/>
        <line num="17" type="stmt" count="44"/>
        <line num="18" type="stmt" count="44"/>
        <metrics loc="21" ncloc="21" classes="1" methods="1" coveredmethods="1" conditionals="0" coveredconditionals="0" statements="5" coveredstatements="5" elements="6" coveredelements="6"/>
      </file>
      <file name="/home/runner/work/bonsai/bonsai/src/TreeException.php">
        <class name="Baril\Bonsai\TreeException" namespace="Baril\Bonsai">
          <metrics complexity="0" methods="0" coveredmethods="0" conditionals="0" coveredconditionals="0" statements="0" coveredstatements="0" elements="0" coveredelements="0"/>
        </class>
        <metrics loc="11" ncloc="10" classes="0" methods="0" coveredmethods="0" conditionals="0" coveredconditionals="0" statements="0" coveredstatements="0" elements="0" coveredelements="0"/>
      </file>
    </package>
    <package name="Baril\Bonsai\Concerns">
      <file name="/home/runner/work/bonsai/bonsai/src/Concerns/BelongsToOrderedTree.php">
        <class name="Baril\Bonsai\Concerns\BelongsToOrderedTree" namespace="Baril\Bonsai\Concerns">
          <metrics complexity="4" methods="4" coveredmethods="4" conditionals="0" coveredconditionals="0" statements="4" coveredstatements="4" elements="8" coveredelements="8"/>
        </class>
        <line num="19" type="method" name="getGroupColumn" visibility="public" complexity="1" crap="1" count="44"/>
        <line num="21" type="stmt" count="44"/>
        <line num="27" type="method" name="children" visibility="public" complexity="1" crap="1" count="7"/>
        <line num="29" type="stmt" count="7"/>
        <line num="32" type="method" name="setChildrenFromDescendants" visibility="protected" complexity="1" crap="1" count="7"/>
        <line num="34" type="stmt" count="7"/>
        <line num="41" type="method" name="getTree" visibility="public" complexity="1" crap="1" count="2"/>
        <line num="43" type="stmt" count="2"/>
        <metrics loc="46" ncloc="36" classes="1" methods="4" coveredmethods="4" conditionals="0" coveredconditionals="0" statements="4" coveredstatements="4" elements="8" coveredelements="8"/>
      </file>
      <file name="/home/runner/work/bonsai/bonsai/src/Concerns/BelongsToTree.php">
        <class name="Baril\Bonsai\Concerns\BelongsToTree" namespace="Baril\Bonsai\Concerns">
          <metrics complexity="69" methods="39" coveredmethods="39" conditionals="0" coveredconditionals="0" statements="208" coveredstatements="208" elements="247" coveredelements="247"/>
        </class>
        <line num="15" type="method" name="bootBelongsToTree" visibility="public" complexity="3" crap="3" count="44"/>
        <line num="17" type="stmt" count="44"/>
        <line num="18" type="stmt" count="44"/>
        <line num="19" type="stmt" count="44"/>
        <line num="20" type="stmt" count="44"/>
        <line num="21" type="stmt" count="44"/>
        <line num="22" type="stmt" count="44"/>
        <line num="23" type="stmt" count="44"/>
        <line num="24" type="stmt" count="10"/>
        <line num="25" type="stmt" count="9"/>
        <line num="27" type="stmt" count="44"/>
        <line num="28" type="stmt" count="44"/>
        <line num="29" type="stmt" count="4"/>
        <line num="30" type="stmt" count="1"/>
        <line num="32" type="stmt" count="3"/>
        <line num="33" type="stmt" count="44"/>
        <line num="41" type="method" name="getParentForeignKeyName" visibility="public" complexity="2" crap="2" count="44"/>
        <line num="43" type="stmt" count="44"/>
        <line num="51" type="method" name="getClosureTable" visibility="public" complexity="2" crap="2" count="44"/>
        <line num="53" type="stmt" count="44"/>
        <line num="63" type="method" name="deleteNode" visibility="public" complexity="2" crap="2" count="1"/>
        <line num="65" type="stmt" count="1"/>
        <line num="66" type="stmt" count="1"/>
        <line num="67" type="stmt" count="1"/>
        <line num="69" type="stmt" count="1"/>
        <line num="70" type="stmt" count="1"/>
        <line num="71" type="stmt" count="1"/>
        <line num="72" type="stmt" count="1"/>
        <line num="74" type="stmt" count="1"/>
        <line num="84" type="method" name="deleteTree" visibility="public" complexity="1" crap="1" count="1"/>
        <line num="86" type="stmt" count="1"/>
        <line num="87" type="stmt" count="1"/>
        <line num="88" type="stmt" count="1"/>
        <line num="89" type="stmt" count="1"/>
        <line num="90" type="stmt" count="1"/>
        <line num="101" type="method" name="parent" visibility="public" complexity="1" crap="1" count="10"/>
        <line num="103" type="stmt" count="10"/>
        <line num="126" type="method" name="children" visibility="public" complexity="1" crap="1" count="7"/>
        <line num="128" type="stmt" count="7"/>
        <line num="134" type="method" name="ancestors" visibility="public" complexity="1" crap="1" count="12"/>
        <line num="136" type="stmt" count="12"/>
        <line num="137" type="stmt" count="12"/>
        <line num="138" type="stmt" count="12"/>
        <line num="139" type="stmt" count="12"/>
        <line num="140" type="stmt" count="12"/>
        <line num="141" type="stmt" count="12"/>
        <line num="142" type="stmt" count="12"/>
        <line num="143" type="stmt" count="12"/>
        <line num="144" type="stmt" count="12"/>
        <line num="145" type="stmt" count="12"/>
        <line num="146" type="stmt" count="12"/>
        <line num="152" type="method" name="descendants" visibility="public" complexity="1" crap="1" count="22"/>
        <line num="154" type="stmt" count="22"/>
        <line num="155" type="stmt" count="22"/>
        <line num="156" type="stmt" count="22"/>
        <line num="157" type="stmt" count="22"/>
        <line num="158" type="stmt" count="22"/>
        <line num="159" type="stmt" count="22"/>
        <line num="160" type="stmt" count="22"/>
        <line num="161" type="stmt" count="22"/>
        <line num="162" type="stmt" count="22"/>
        <line num="163" type="stmt" count="22"/>
        <line num="164" type="stmt" count="22"/>
        <line num="173" type="method" name="setRelation" visibility="public" complexity="3" crap="3" count="20"/>
        <line num="176" type="stmt" count="20"/>
        <line num="177" type="stmt" count="7"/>
        <line num="178" type="stmt" count="7"/>
        <line num="179" type="stmt" count="20"/>
        <line num="180" type="stmt" count="4"/>
        <line num="181" type="stmt" count="4"/>
        <line num="183" type="stmt" count="20"/>
        <line num="193" type="method" name="setChildrenFromDescendants" visibility="protected" complexity="5" crap="5" count="7"/>
        <line num="195" type="stmt" count="7"/>
        <line num="196" type="stmt" count="7"/>
        <line num="198" type="stmt" count="7"/>
        <line num="199" type="stmt" count="7"/>
        <line num="200" type="stmt" count="4"/>
        <line num="201" type="stmt" count="4"/>
        <line num="203" type="stmt" count="4"/>
        <line num="205" type="stmt" count="7"/>
        <line num="208" type="stmt" count="7"/>
        <line num="209" type="stmt" count="7"/>
        <line num="210" type="stmt" count="5"/>
        <line num="212" type="stmt" count="7"/>
        <line num="214" type="stmt" count="7"/>
        <line num="215" type="stmt" count="7"/>
        <line num="216" type="stmt" count="7"/>
        <line num="226" type="method" name="setParentsFromAncestors" visibility="protected" complexity="4" crap="4" count="4"/>
        <line num="228" type="stmt" count="4"/>
        <line num="229" type="stmt" count="4"/>
        <line num="232" type="stmt" count="4"/>
        <line num="233" type="stmt" count="4"/>
        <line num="235" type="stmt" count="4"/>
        <line num="236" type="stmt" count="4"/>
        <line num="237" type="stmt" count="3"/>
        <line num="238" type="stmt" count="4"/>
        <line num="239" type="stmt" count="3"/>
        <line num="241" type="stmt" count="4"/>
        <line num="252" type="method" name="isRoot" visibility="public" complexity="1" crap="1" count="1"/>
        <line num="254" type="stmt" count="1"/>
        <line num="255" type="stmt" count="1"/>
        <line num="262" type="method" name="isLeaf" visibility="public" complexity="1" crap="1" count="1"/>
        <line num="264" type="stmt" count="1"/>
        <line num="271" type="method" name="hasChildren" visibility="public" complexity="1" crap="1" count="1"/>
        <line num="273" type="stmt" count="1"/>
        <line num="280" type="method" name="isChildOf" visibility="public" complexity="1" crap="1" count="1"/>
        <line num="282" type="stmt" count="1"/>
        <line num="283" type="stmt" count="1"/>
        <line num="291" type="method" name="isParentOf" visibility="public" complexity="1" crap="1" count="1"/>
        <line num="293" type="stmt" count="1"/>
        <line num="301" type="method" name="isDescendantOf" visibility="public" complexity="1" crap="1" count="1"/>
        <line num="303" type="stmt" count="1"/>
        <line num="311" type="method" name="isAncestorOf" visibility="public" complexity="1" crap="1" count="1"/>
        <line num="313" type="stmt" count="1"/>
        <line num="321" type="method" name="isSiblingOf" visibility="public" complexity="1" crap="1" count="1"/>
        <line num="323" type="stmt" count="1"/>
        <line num="324" type="stmt" count="1"/>
        <line num="335" type="method" name="findCommonAncestorWith" visibility="public" complexity="1" crap="1" count="3"/>
        <line num="337" type="stmt" count="3"/>
        <line num="338" type="stmt" count="3"/>
        <line num="339" type="stmt" count="3"/>
        <line num="340" type="stmt" count="3"/>
        <line num="341" type="stmt" count="3"/>
        <line num="353" type="method" name="getDistanceTo" visibility="public" complexity="2" crap="2" count="2"/>
        <line num="355" type="stmt" count="2"/>
        <line num="356" type="stmt" count="2"/>
        <line num="357" type="stmt" count="1"/>
        <line num="359" type="stmt" count="1"/>
        <line num="360" type="stmt" count="1"/>
        <line num="361" type="stmt" count="1"/>
        <line num="362" type="stmt" count="1"/>
        <line num="370" type="method" name="getDepth" visibility="public" complexity="1" crap="1" count="1"/>
        <line num="372" type="stmt" count="1"/>
        <line num="380" type="method" name="getSubtreeDepth" visibility="public" complexity="1" crap="1" count="1"/>
        <line num="382" type="stmt" count="1"/>
        <line num="390" type="method" name="scopeWithClosure" visibility="protected" complexity="3" crap="3" count="5"/>
        <line num="392" type="stmt" count="5"/>
        <line num="393" type="stmt" count="5"/>
        <line num="394" type="stmt" count="3"/>
        <line num="396" type="stmt" count="5"/>
        <line num="397" type="stmt" count="1"/>
        <line num="399" type="stmt" count="5"/>
        <line num="402" type="method" name="scopeWithAncestors" visibility="public" complexity="1" crap="1" count="1"/>
        <line num="404" type="stmt" count="1"/>
        <line num="407" type="method" name="scopeWithDescendants" visibility="public" complexity="1" crap="1" count="4"/>
        <line num="409" type="stmt" count="4"/>
        <line num="412" type="method" name="scopeWithDepth" visibility="public" complexity="1" crap="1" count="1"/>
        <line num="414" type="stmt" count="1"/>
        <line num="417" type="method" name="scopeWhereIsRoot" visibility="public" complexity="2" crap="2" count="3"/>
        <line num="419" type="stmt" count="3"/>
        <line num="422" type="method" name="scopeWhereIsLeaf" visibility="public" complexity="2" crap="2" count="1"/>
        <line num="424" type="stmt" count="1"/>
        <line num="425" type="stmt" count="1"/>
        <line num="427" type="stmt" count="1"/>
        <line num="431" type="method" name="scopeWhereHasChildren" visibility="public" complexity="1" crap="1" count="1"/>
        <line num="433" type="stmt" count="1"/>
        <line num="436" type="method" name="scopeWhereIsDescendantOf" visibility="public" complexity="4" crap="4" count="44"/>
        <line num="438" type="stmt" count="44"/>
        <line num="439" type="stmt" count="44"/>
        <line num="440" type="stmt" count="44"/>
        <line num="441" type="stmt" count="44"/>
        <line num="442" type="stmt" count="44"/>
        <line num="443" type="stmt" count="44"/>
        <line num="444" type="stmt" count="44"/>
        <line num="445" type="stmt" count="44"/>
        <line num="446" type="stmt" count="44"/>
        <line num="447" type="stmt" count="44"/>
        <line num="449" type="stmt" count="44"/>
        <line num="450" type="stmt" count="1"/>
        <line num="452" type="stmt" count="44"/>
        <line num="453" type="stmt" count="44"/>
        <line num="454" type="stmt" count="44"/>
        <line num="457" type="method" name="scopeWhereIsAncestorOf" visibility="public" complexity="4" crap="4" count="4"/>
        <line num="459" type="stmt" count="4"/>
        <line num="460" type="stmt" count="4"/>
        <line num="461" type="stmt" count="4"/>
        <line num="462" type="stmt" count="4"/>
        <line num="463" type="stmt" count="4"/>
        <line num="464" type="stmt" count="4"/>
        <line num="465" type="stmt" count="4"/>
        <line num="466" type="stmt" count="4"/>
        <line num="467" type="stmt" count="4"/>
        <line num="468" type="stmt" count="1"/>
        <line num="470" type="stmt" count="4"/>
        <line num="471" type="stmt" count="1"/>
        <line num="473" type="stmt" count="4"/>
        <line num="474" type="stmt" count="4"/>
        <line num="475" type="stmt" count="4"/>
        <line num="489" type="method" name="getTree" visibility="public" complexity="1" crap="1" count="2"/>
        <line num="491" type="stmt" count="2"/>
        <line num="499" type="method" name="getTreeDepth" visibility="public" complexity="1" crap="1" count="1"/>
        <line num="501" type="stmt" count="1"/>
        <line num="502" type="stmt" count="1"/>
        <line num="516" type="method" name="checkIfParentIdIsValid" visibility="protected" complexity="4" crap="4" count="44"/>
        <line num="518" type="stmt" count="44"/>
        <line num="520" type="stmt" count="44"/>
        <line num="521" type="stmt" count="44"/>
        <line num="524" type="stmt" count="44"/>
        <line num="525" type="stmt" count="44"/>
        <line num="527" type="stmt" count="3"/>
        <line num="528" type="stmt" count="3"/>
        <line num="529" type="stmt" count="3"/>
        <line num="537" type="method" name="deleteClosures" visibility="protected" complexity="1" crap="1" count="10"/>
        <line num="539" type="stmt" count="10"/>
        <line num="540" type="stmt" count="10"/>
        <line num="542" type="stmt" count="10"/>
        <line num="543" type="stmt" count="10"/>
        <line num="544" type="stmt" count="10"/>
        <line num="545" type="stmt" count="10"/>
        <line num="546" type="stmt" count="9"/>
        <line num="547" type="stmt" count="10"/>
        <line num="548" type="stmt" count="10"/>
        <line num="556" type="method" name="refreshClosures" visibility="public" complexity="3" crap="3" count="44"/>
        <line num="558" type="stmt" count="44"/>
        <line num="559" type="stmt" count="44"/>
        <line num="561" type="stmt" count="44"/>
        <line num="563" type="stmt" count="44"/>
        <line num="564" type="stmt" count="44"/>
        <line num="565" type="stmt" count="44"/>
        <line num="566" type="stmt" count="44"/>
        <line num="569" type="stmt" count="44"/>
        <line num="570" type="stmt" count="9"/>
        <line num="574" type="stmt" count="44"/>
        <line num="575" type="stmt" count="44"/>
        <line num="576" type="stmt" count="44"/>
        <line num="577" type="stmt" count="44"/>
        <line num="578" type="stmt" count="44"/>
        <line num="581" type="stmt" count="44"/>
        <line num="588" type="stmt" count="44"/>
        <line num="589" type="stmt" count="44"/>
        <line num="590" type="stmt" count="44"/>
        <line num="591" type="stmt" count="44"/>
        <line num="592" type="stmt" count="44"/>
        <line num="593" type="stmt" count="44"/>
        <line num="594" type="stmt" count="44"/>
        <line num="595" type="stmt" count="44"/>
        <line num="596" type="stmt" count="44"/>
        <line num="597" type="stmt" count="44"/>
        <line num="598" type="stmt" count="44"/>
        <line num="599" type="stmt" count="44"/>
        <line num="600" type="stmt" count="44"/>
        <line num="601" type="stmt" count="44"/>
        <line num="602" type="stmt" count="44"/>
        <line num="604" type="stmt" count="44"/>
        <line num="610" type="method" name="deleteClosuresForLeaf" visibility="protected" complexity="1" crap="1" count="3"/>
        <line num="612" type="stmt" count="3"/>
        <line num="613" type="stmt" count="3"/>
        <metrics loc="616" ncloc="422" classes="1" methods="39" coveredmethods="39" conditionals="0" coveredconditionals="0" statements="208" coveredstatements="208" elements="247" coveredelements="247"/>
      </file>
    </package>
    <package name="Baril\Bonsai\Console">
      <file name="/home/runner/work/bonsai/bonsai/src/Console/FixTreeCommand.php">
        <class name="Baril\Bonsai\Console\FixTreeCommand" namespace="Baril\Bonsai\Console">
          <metrics complexity="6" methods="2" coveredmethods="1" conditionals="0" coveredconditionals="0" statements="35" coveredstatements="33" elements="37" coveredelements="34"/>
        </class>
        <line num="15" type="method" name="handle" visibility="public" complexity="4" crap="4.37" count="1"/>
        <line num="17" type="stmt" count="1"/>
        <line num="19" type="stmt" count="1"/>
        <line num="20" type="stmt" count="1"/>
        <line num="21" type="stmt" count="1"/>
        <line num="23" type="stmt" count="0"/>
        <line num="24" type="stmt" count="0"/>
        <line num="27" type="stmt" count="1"/>
        <line num="30" type="method" name="rebuildClosures" visibility="protected" complexity="2" crap="2" count="1"/>
        <line num="32" type="stmt" count="1"/>
        <line num="33" type="stmt" count="1"/>
        <line num="34" type="stmt" count="1"/>
        <line num="35" type="stmt" count="1"/>
        <line num="36" type="stmt" count="1"/>
        <line num="37" type="stmt" count="1"/>
        <line num="38" type="stmt" count="1"/>
        <line num="41" type="stmt" count="1"/>
        <line num="44" type="stmt" count="1"/>
        <line num="45" type="stmt" count="1"/>
        <line num="48" type="stmt" count="1"/>
        <line num="49" type="stmt" count="1"/>
        <line num="50" type="stmt" count="1"/>
        <line num="57" type="stmt" count="1"/>
        <line num="58" type="stmt" count="1"/>
        <line num="59" type="stmt" count="1"/>
        <line num="60" type="stmt" count="1"/>
        <line num="61" type="stmt" count="1"/>
        <line num="62" type="stmt" count="1"/>
        <line num="63" type="stmt" count="1"/>
        <line num="64" type="stmt" count="1"/>
        <line num="65" type="stmt" count="1"/>
        <line num="66" type="stmt" count="1"/>
        <line num="67" type="stmt" count="1"/>
        <line num="69" type="stmt" count="1"/>
        <line num="70" type="stmt" count="1"/>
        <line num="72" type="stmt" count="1"/>
        <line num="74" type="stmt" count="1"/>
        <metrics loc="77" ncloc="67" classes="1" methods="2" coveredmethods="1" conditionals="0" coveredconditionals="0" statements="35" coveredstatements="33" elements="37" coveredelements="34"/>
      </file>
      <file name="/home/runner/work/bonsai/bonsai/src/Console/GrowTreeCommand.php">
        <class name="Baril\Bonsai\Console\GrowTreeCommand" namespace="Baril\Bonsai\Console">
          <metrics complexity="10" methods="4" coveredmethods="3" conditionals="0" coveredconditionals="0" statements="43" coveredstatements="39" elements="47" coveredelements="42"/>
        </class>
        <line num="20" type="method" name="__construct" visibility="public" complexity="1" crap="1" count="44"/>
        <line num="22" type="stmt" count="44"/>
        <line num="25" type="method" name="handle" visibility="public" complexity="6" crap="7.73" count="1"/>
        <line num="27" type="stmt" count="1"/>
        <line num="29" type="stmt" count="1"/>
        <line num="30" type="stmt" count="1"/>
        <line num="31" type="stmt" count="1"/>
        <line num="33" type="stmt" count="0"/>
        <line num="34" type="stmt" count="0"/>
        <line num="37" type="stmt" count="1"/>
        <line num="38" type="stmt" count="1"/>
        <line num="40" type="stmt" count="1"/>
        <line num="41" type="stmt" count="0"/>
        <line num="42" type="stmt" count="0"/>
        <line num="46" type="method" name="writeClosureMigration" visibility="protected" complexity="2" crap="2" count="1"/>
        <line num="49" type="stmt" count="1"/>
        <line num="50" type="stmt" count="1"/>
        <line num="51" type="stmt" count="1"/>
        <line num="52" type="stmt" count="1"/>
        <line num="55" type="stmt" count="1"/>
        <line num="56" type="stmt" count="1"/>
        <line num="57" type="stmt" count="1"/>
        <line num="60" type="stmt" count="1"/>
        <line num="63" type="stmt" count="1"/>
        <line num="64" type="stmt" count="1"/>
        <line num="65" type="stmt" count="1"/>
        <line num="66" type="stmt" count="1"/>
        <line num="67" type="stmt" count="1"/>
        <line num="68" type="stmt" count="1"/>
        <line num="69" type="stmt" count="1"/>
        <line num="72" type="stmt" count="1"/>
        <line num="73" type="stmt" count="1"/>
        <line num="76" type="method" name="getMigrationContents" visibility="protected" complexity="1" crap="1" count="1"/>
        <line num="78" type="stmt" count="1"/>
        <line num="79" type="stmt" count="1"/>
        <line num="80" type="stmt" count="1"/>
        <line num="81" type="stmt" count="1"/>
        <line num="82" type="stmt" count="1"/>
        <line num="83" type="stmt" count="1"/>
        <line num="84" type="stmt" count="1"/>
        <line num="85" type="stmt" count="1"/>
        <line num="86" type="stmt" count="1"/>
        <line num="87" type="stmt" count="1"/>
        <line num="88" type="stmt" count="1"/>
        <line num="89" type="stmt" count="1"/>
        <line num="90" type="stmt" count="1"/>
        <line num="91" type="stmt" count="1"/>
        <metrics loc="94" ncloc="89" classes="1" methods="4" coveredmethods="3" conditionals="0" coveredconditionals="0" statements="43" coveredstatements="39" elements="47" coveredelements="42"/>
      </file>
      <file name="/home/runner/work/bonsai/bonsai/src/Console/ShowTreeCommand.php">
        <class name="Baril\Bonsai\Console\ShowTreeCommand" namespace="Baril\Bonsai\Console">
          <metrics complexity="13" methods="3" coveredmethods="2" conditionals="0" coveredconditionals="0" statements="27" coveredstatements="25" elements="30" coveredelements="27"/>
        </class>
        <line num="20" type="method" name="handle" visibility="public" complexity="4" crap="4.18" count="1"/>
        <line num="22" type="stmt" count="1"/>
        <line num="24" type="stmt" count="1"/>
        <line num="25" type="stmt" count="1"/>
        <line num="26" type="stmt" count="1"/>
        <line num="28" type="stmt" count="0"/>
        <line num="29" type="stmt" count="0"/>
        <line num="32" type="stmt" count="1"/>
        <line num="33" type="stmt" count="1"/>
        <line num="35" type="stmt" count="1"/>
        <line num="38" type="method" name="showTree" visibility="protected" complexity="2" crap="2" count="1"/>
        <line num="40" type="stmt" count="1"/>
        <line num="41" type="stmt" count="1"/>
        <line num="42" type="stmt" count="1"/>
        <line num="43" type="stmt" count="1"/>
        <line num="47" type="method" name="showNode" visibility="protected" complexity="7" crap="7" count="1"/>
        <line num="49" type="stmt" count="1"/>
        <line num="50" type="stmt" count="1"/>
        <line num="51" type="stmt" count="1"/>
        <line num="52" type="stmt" count="1"/>
        <line num="54" type="stmt" count="1"/>
        <line num="55" type="stmt" count="1"/>
        <line num="56" type="stmt" count="1"/>
        <line num="58" type="stmt" count="1"/>
        <line num="59" type="stmt" count="1"/>
        <line num="60" type="stmt" count="1"/>
        <line num="61" type="stmt" count="1"/>
        <line num="62" type="stmt" count="1"/>
        <line num="63" type="stmt" count="1"/>
        <line num="65" type="stmt" count="1"/>
        <metrics loc="69" ncloc="69" classes="1" methods="3" coveredmethods="2" conditionals="0" coveredconditionals="0" statements="27" coveredstatements="25" elements="30" coveredelements="27"/>
      </file>
    </package>
    <package name="Baril\Bonsai\Migrations">
      <file name="/home/runner/work/bonsai/bonsai/src/Migrations/MigrationCreator.php">
        <class name="Baril\Bonsai\Migrations\MigrationCreator" namespace="Baril\Bonsai\Migrations">
          <metrics complexity="1" methods="1" coveredmethods="1" conditionals="0" coveredconditionals="0" statements="1" coveredstatements="1" elements="2" coveredelements="2"/>
        </class>
        <line num="10" type="method" name="__construct" visibility="public" complexity="1" crap="1" count="44"/>
        <line num="12" type="stmt" count="44"/>
        <metrics loc="15" ncloc="15" classes="1" methods="1" coveredmethods="1" conditionals="0" coveredconditionals="0" statements="1" coveredstatements="1" elements="2" coveredelements="2"/>
      </file>
    </package>
    <package name="Baril\Bonsai\Relations">
      <file name="/home/runner/work/bonsai/bonsai/src/Relations/Closure.php">
        <class name="Baril\Bonsai\Relations\Closure" namespace="Baril\Bonsai\Relations">
          <metrics complexity="21" methods="15" coveredmethods="15" conditionals="0" coveredconditionals="0" statements="30" coveredstatements="30" elements="45" coveredelements="45"/>
        </class>
        <line num="13" type="method" name="orderByDepth" visibility="public" complexity="1" crap="1" count="9"/>
        <line num="15" type="stmt" count="9"/>
        <line num="18" type="method" name="upToDepth" visibility="public" complexity="1" crap="1" count="3"/>
        <line num="20" type="stmt" count="3"/>
        <line num="21" type="stmt" count="3"/>
        <line num="24" type="method" name="excludingSelf" visibility="public" complexity="1" crap="1" count="30"/>
        <line num="26" type="stmt" count="30"/>
        <line num="27" type="stmt" count="30"/>
        <line num="30" type="method" name="includingSelf" visibility="public" complexity="5" crap="5" count="5"/>
        <line num="32" type="stmt" count="5"/>
        <line num="33" type="stmt" count="5"/>
        <line num="34" type="stmt" count="5"/>
        <line num="37" type="stmt" count="5"/>
        <line num="39" type="stmt" count="5"/>
        <line num="40" type="stmt" count="5"/>
        <line num="41" type="stmt" count="5"/>
        <line num="42" type="stmt" count="5"/>
        <line num="43" type="stmt" count="5"/>
        <line num="46" type="stmt" count="5"/>
        <line num="47" type="stmt" count="5"/>
        <line num="56" type="method" name="migratePivotAttributes" visibility="protected" complexity="3" crap="3" count="13"/>
        <line num="58" type="stmt" count="13"/>
        <line num="59" type="stmt" count="13"/>
        <line num="60" type="stmt" count="3"/>
        <line num="63" type="stmt" count="13"/>
        <line num="69" type="method" name="readOnly" visibility="protected" complexity="1" crap="1" count="9"/>
        <line num="71" type="stmt" count="9"/>
        <line num="74" type="method" name="save" visibility="public" complexity="1" crap="1" count="1"/>
        <line num="76" type="stmt" count="1"/>
        <line num="79" type="method" name="saveMany" visibility="public" complexity="1" crap="1" count="1"/>
        <line num="81" type="stmt" count="1"/>
        <line num="84" type="method" name="create" visibility="public" complexity="1" crap="1" count="1"/>
        <line num="86" type="stmt" count="1"/>
        <line num="89" type="method" name="createMany" visibility="public" complexity="1" crap="1" count="1"/>
        <line num="91" type="stmt" count="1"/>
        <line num="94" type="method" name="toggle" visibility="public" complexity="1" crap="1" count="1"/>
        <line num="96" type="stmt" count="1"/>
        <line num="99" type="method" name="syncWithoutDetaching" visibility="public" complexity="1" crap="1" count="1"/>
        <line num="101" type="stmt" count="1"/>
        <line num="104" type="method" name="sync" visibility="public" complexity="1" crap="1" count="1"/>
        <line num="106" type="stmt" count="1"/>
        <line num="109" type="method" name="attach" visibility="public" complexity="1" crap="1" count="1"/>
        <line num="111" type="stmt" count="1"/>
        <line num="114" type="method" name="detach" visibility="public" complexity="1" crap="1" count="1"/>
        <line num="116" type="stmt" count="1"/>
        <metrics loc="119" ncloc="110" classes="1" methods="15" coveredmethods="15" conditionals="0" coveredconditionals="0" statements="30" coveredstatements="30" elements="45" coveredelements="45"/>
      </file>
    </package>
    <metrics files="9" loc="1068" ncloc="839" classes="8" methods="69" coveredmethods="66" conditionals="0" coveredconditionals="0" statements="353" coveredstatements="345" elements="422" coveredelements="411"/>
  </project>
</coverage>
